# JRE version: Java(TM) SE Runtime Environment (8.0_66-b18) (build 1.8.0_66-b18)
# Java VM: Java HotSpot(TM) 64-Bit Server VM (25.66-b18 mixed mode windows-amd64 compressed oops)
Heap:
 PSYoungGen      total 778752K, used 577248K [0x000000076ae00000, 0x00000007a3880000, 0x00000007c0000000)
  eden space 699392K, 71% used [0x000000076ae00000,0x000000078943cb90,0x0000000795900000)
  from space 79360K, 99% used [0x000000079b800000,0x00000007a057b5c0,0x00000007a0580000)
  to   space 97280K, 0% used [0x0000000795900000,0x0000000795900000,0x000000079b800000)
 ParOldGen       total 294400K, used 141484K [0x00000006c0a00000, 0x00000006d2980000, 0x000000076ae00000)
  object space 294400K, 48% used [0x00000006c0a00000,0x00000006c942b2f8,0x00000006d2980000)
 Metaspace       used 29139K, capacity 30002K, committed 30128K, reserved 1075200K
  class space    used 3427K, capacity 3639K, committed 3760K, reserved 1048576K
GC Heap History (10 events):
Event: 15.478 GC heap before
{Heap before GC invocations=12 (full 1):
 PSYoungGen      total 512512K, used 503331K [0x000000076ae00000, 0x000000078da00000, 0x00000007c0000000)
  eden space 467968K, 100% used [0x000000076ae00000,0x0000000787700000,0x0000000787700000)
  from space 44544K, 79% used [0x000000078ae80000,0x000000078d108d18,0x000000078da00000)
  to   space 50688K, 0% used [0x0000000787700000,0x0000000787700000,0x000000078a880000)
 ParOldGen       total 121856K, used 57006K [0x00000006c0a00000, 0x00000006c8100000, 0x000000076ae00000)
  object space 121856K, 46% used [0x00000006c0a00000,0x00000006c41abb20,0x00000006c8100000)
 Metaspace       used 23597K, capacity 24140K, committed 24240K, reserved 1071104K
  class space    used 2806K, capacity 2960K, committed 2992K, reserved 1048576K
Event: 15.499 GC heap after
Heap after GC invocations=12 (full 1):
 PSYoungGen      total 518656K, used 44134K [0x000000076ae00000, 0x0000000796400000, 0x00000007c0000000)
  eden space 467968K, 0% used [0x000000076ae00000,0x000000076ae00000,0x0000000787700000)
  from space 50688K, 87% used [0x0000000787700000,0x000000078a219910,0x000000078a880000)
  to   space 55808K, 0% used [0x0000000792d80000,0x0000000792d80000,0x0000000796400000)
 ParOldGen       total 121856K, used 73921K [0x00000006c0a00000, 0x00000006c8100000, 0x000000076ae00000)
  object space 121856K, 60% used [0x00000006c0a00000,0x00000006c5230558,0x00000006c8100000)
 Metaspace       used 23597K, capacity 24140K, committed 24240K, reserved 1071104K
  class space    used 2806K, capacity 2960K, committed 2992K, reserved 1048576K
}
Event: 21.756 GC heap before
{Heap before GC invocations=13 (full 1):
 PSYoungGen      total 518656K, used 512102K [0x000000076ae00000, 0x0000000796400000, 0x00000007c0000000)
  eden space 467968K, 100% used [0x000000076ae00000,0x0000000787700000,0x0000000787700000)
  from space 50688K, 87% used [0x0000000787700000,0x000000078a219910,0x000000078a880000)
  to   space 55808K, 0% used [0x0000000792d80000,0x0000000792d80000,0x0000000796400000)
 ParOldGen       total 121856K, used 73921K [0x00000006c0a00000, 0x00000006c8100000, 0x000000076ae00000)
  object space 121856K, 60% used [0x00000006c0a00000,0x00000006c5230558,0x00000006c8100000)
 Metaspace       used 23597K, capacity 24140K, committed 24240K, reserved 1071104K
  class space    used 2806K, capacity 2960K, committed 2992K, reserved 1048576K
Event: 21.785 GC heap after
Heap after GC invocations=13 (full 1):
 PSYoungGen      total 638976K, used 55804K [0x000000076ae00000, 0x0000000797780000, 0x00000007c0000000)
  eden space 583168K, 0% used [0x000000076ae00000,0x000000076ae00000,0x000000078e780000)
  from space 55808K, 99% used [0x0000000792d80000,0x00000007963ff3f0,0x0000000796400000)
  to   space 71680K, 0% used [0x000000078e780000,0x000000078e780000,0x0000000792d80000)
 ParOldGen       total 121856K, used 93466K [0x00000006c0a00000, 0x00000006c8100000, 0x000000076ae00000)
  object space 121856K, 76% used [0x00000006c0a00000,0x00000006c65469c8,0x00000006c8100000)
 Metaspace       used 23597K, capacity 24140K, committed 24240K, reserved 1071104K
  class space    used 2806K, capacity 2960K, committed 2992K, reserved 1048576K
}
Event: 29.528 GC heap before
{Heap before GC invocations=14 (full 1):
 PSYoungGen      total 638976K, used 638077K [0x000000076ae00000, 0x0000000797780000, 0x00000007c0000000)
  eden space 583168K, 99% used [0x000000076ae00000,0x000000078e6a01b8,0x000000078e780000)
  from space 55808K, 99% used [0x0000000792d80000,0x00000007963ff3f0,0x0000000796400000)
  to   space 71680K, 0% used [0x000000078e780000,0x000000078e780000,0x0000000792d80000)
 ParOldGen       total 121856K, used 93466K [0x00000006c0a00000, 0x00000006c8100000, 0x000000076ae00000)
  object space 121856K, 76% used [0x00000006c0a00000,0x00000006c65469c8,0x00000006c8100000)
 Metaspace       used 23597K, capacity 24140K, committed 24240K, reserved 1071104K
  class space    used 2806K, capacity 2960K, committed 2992K, reserved 1048576K
Event: 29.560 GC heap after
Heap after GC invocations=14 (full 1):
 PSYoungGen      total 654848K, used 62030K [0x000000076ae00000, 0x00000007a0580000, 0x00000007c0000000)
  eden space 583168K, 0% used [0x000000076ae00000,0x000000076ae00000,0x000000078e780000)
  from space 71680K, 86% used [0x000000078e780000,0x0000000792413870,0x0000000792d80000)
  to   space 79360K, 0% used [0x000000079b800000,0x000000079b800000,0x00000007a0580000)
 ParOldGen       total 127488K, used 127087K [0x00000006c0a00000, 0x00000006c8680000, 0x000000076ae00000)
  object space 127488K, 99% used [0x00000006c0a00000,0x00000006c861bcb0,0x00000006c8680000)
 Metaspace       used 23597K, capacity 24140K, committed 24240K, reserved 1071104K
  class space    used 2806K, capacity 2960K, committed 2992K, reserved 1048576K
}
Event: 29.560 GC heap before
{Heap before GC invocations=15 (full 2):
 PSYoungGen      total 654848K, used 62030K [0x000000076ae00000, 0x00000007a0580000, 0x00000007c0000000)
  eden space 583168K, 0% used [0x000000076ae00000,0x000000076ae00000,0x000000078e780000)
  from space 71680K, 86% used [0x000000078e780000,0x0000000792413870,0x0000000792d80000)
  to   space 79360K, 0% used [0x000000079b800000,0x000000079b800000,0x00000007a0580000)
 ParOldGen       total 127488K, used 127087K [0x00000006c0a00000, 0x00000006c8680000, 0x000000076ae00000)
  object space 127488K, 99% used [0x00000006c0a00000,0x00000006c861bcb0,0x00000006c8680000)
 Metaspace       used 23597K, capacity 24140K, committed 24240K, reserved 1071104K
  class space    used 2806K, capacity 2960K, committed 2992K, reserved 1048576K
Event: 29.738 GC heap after
Heap after GC invocations=15 (full 2):
 PSYoungGen      total 654848K, used 53815K [0x000000076ae00000, 0x00000007a0580000, 0x00000007c0000000)
  eden space 583168K, 0% used [0x000000076ae00000,0x000000076ae00000,0x000000078e780000)
  from space 71680K, 75% used [0x000000078e780000,0x0000000791c0df20,0x0000000792d80000)
  to   space 79360K, 0% used [0x000000079b800000,0x000000079b800000,0x00000007a0580000)
 ParOldGen       total 294400K, used 127015K [0x00000006c0a00000, 0x00000006d2980000, 0x000000076ae00000)
  object space 294400K, 43% used [0x00000006c0a00000,0x00000006c8609fc0,0x00000006d2980000)
 Metaspace       used 23597K, capacity 24140K, committed 24240K, reserved 1071104K
  class space    used 2806K, capacity 2960K, committed 2992K, reserved 1048576K
}
Event: 38.931 GC heap before
{Heap before GC invocations=16 (full 2):
 PSYoungGen      total 654848K, used 636983K [0x000000076ae00000, 0x00000007a0580000, 0x00000007c0000000)
  eden space 583168K, 100% used [0x000000076ae00000,0x000000078e780000,0x000000078e780000)
  from space 71680K, 75% used [0x000000078e780000,0x0000000791c0df20,0x0000000792d80000)
  to   space 79360K, 0% used [0x000000079b800000,0x000000079b800000,0x00000007a0580000)
 ParOldGen       total 294400K, used 127015K [0x00000006c0a00000, 0x00000006d2980000, 0x000000076ae00000)
  object space 294400K, 43% used [0x00000006c0a00000,0x00000006c8609fc0,0x00000006d2980000)
 Metaspace       used 23597K, capacity 24140K, committed 24240K, reserved 1071104K
  class space    used 2806K, capacity 2960K, committed 2992K, reserved 1048576K
Event: 38.974 GC heap after
Heap after GC invocations=16 (full 2):
 PSYoungGen      total 778752K, used 79341K [0x000000076ae00000, 0x00000007a3880000, 0x00000007c0000000)
  eden space 699392K, 0% used [0x000000076ae00000,0x000000076ae00000,0x0000000795900000)
  from space 79360K, 99% used [0x000000079b800000,0x00000007a057b5c0,0x00000007a0580000)
  to   space 97280K, 0% used [0x0000000795900000,0x0000000795900000,0x000000079b800000)
 ParOldGen       total 294400K, used 141484K [0x00000006c0a00000, 0x00000006d2980000, 0x000000076ae00000)
  object space 294400K, 48% used [0x00000006c0a00000,0x00000006c942b2f8,0x00000006d2980000)
 Metaspace       used 23597K, capacity 24140K, committed 24240K, reserved 1071104K
  class space    used 2806K, capacity 2960K, committed 2992K, reserved 1048576K
}

