# JRE version: Java(TM) SE Runtime Environment (8.0_66-b18) (build 1.8.0_66-b18)
# Java VM: Java HotSpot(TM) 64-Bit Server VM (25.66-b18 mixed mode windows-amd64 compressed oops)
Heap:
 PSYoungGen      total 893440K, used 405416K [0x000000076ae00000, 0x00000007b5b00000, 0x00000007c0000000)
  eden space 823296K, 42% used [0x000000076ae00000,0x00000007804d18d8,0x000000079d200000)
  from space 70144K, 77% used [0x000000079d200000,0x00000007a0718970,0x00000007a1680000)
  to   space 74240K, 0% used [0x00000007b1280000,0x00000007b1280000,0x00000007b5b00000)
 ParOldGen       total 302592K, used 176465K [0x00000006c0a00000, 0x00000006d3180000, 0x000000076ae00000)
  object space 302592K, 58% used [0x00000006c0a00000,0x00000006cb654628,0x00000006d3180000)
 Metaspace       used 29330K, capacity 30248K, committed 30384K, reserved 1075200K
  class space    used 3429K, capacity 3642K, committed 3760K, reserved 1048576K
GC Heap History (10 events):
Event: 13.136 GC heap before
{Heap before GC invocations=11 (full 1):
 PSYoungGen      total 509440K, used 501153K [0x000000076ae00000, 0x0000000799900000, 0x00000007c0000000)
  eden space 448512K, 99% used [0x000000076ae00000,0x0000000786350c18,0x0000000786400000)
  from space 60928K, 87% used [0x0000000786400000,0x0000000789817a88,0x0000000789f80000)
  to   space 68096K, 0% used [0x0000000795680000,0x0000000795680000,0x0000000799900000)
 ParOldGen       total 174080K, used 43262K [0x00000006c0a00000, 0x00000006cb400000, 0x000000076ae00000)
  object space 174080K, 24% used [0x00000006c0a00000,0x00000006c343fba8,0x00000006cb400000)
 Metaspace       used 23590K, capacity 24176K, committed 24240K, reserved 1071104K
  class space    used 2805K, capacity 2954K, committed 2992K, reserved 1048576K
Event: 13.159 GC heap after
Heap after GC invocations=11 (full 1):
 PSYoungGen      total 678400K, used 46084K [0x000000076ae00000, 0x0000000799280000, 0x00000007c0000000)
  eden space 616960K, 0% used [0x000000076ae00000,0x000000076ae00000,0x0000000790880000)
  from space 61440K, 75% used [0x0000000795680000,0x0000000798381050,0x0000000799280000)
  to   space 70656K, 0% used [0x0000000790880000,0x0000000790880000,0x0000000794d80000)
 ParOldGen       total 174080K, used 72965K [0x00000006c0a00000, 0x00000006cb400000, 0x000000076ae00000)
  object space 174080K, 41% used [0x00000006c0a00000,0x00000006c51414d8,0x00000006cb400000)
 Metaspace       used 23590K, capacity 24176K, committed 24240K, reserved 1071104K
  class space    used 2805K, capacity 2954K, committed 2992K, reserved 1048576K
}
Event: 17.394 GC heap before
{Heap before GC invocations=12 (full 1):
 PSYoungGen      total 678400K, used 663044K [0x000000076ae00000, 0x0000000799280000, 0x00000007c0000000)
  eden space 616960K, 100% used [0x000000076ae00000,0x0000000790880000,0x0000000790880000)
  from space 61440K, 75% used [0x0000000795680000,0x0000000798381050,0x0000000799280000)
  to   space 70656K, 0% used [0x0000000790880000,0x0000000790880000,0x0000000794d80000)
 ParOldGen       total 174080K, used 72965K [0x00000006c0a00000, 0x00000006cb400000, 0x000000076ae00000)
  object space 174080K, 41% used [0x00000006c0a00000,0x00000006c51414d8,0x00000006cb400000)
 Metaspace       used 23590K, capacity 24176K, committed 24240K, reserved 1071104K
  class space    used 2805K, capacity 2954K, committed 2992K, reserved 1048576K
Event: 17.421 GC heap after
Heap after GC invocations=12 (full 1):
 PSYoungGen      total 687616K, used 37835K [0x000000076ae00000, 0x00000007a6080000, 0x00000007c0000000)
  eden space 616960K, 0% used [0x000000076ae00000,0x000000076ae00000,0x0000000790880000)
  from space 70656K, 53% used [0x0000000790880000,0x0000000792d72d00,0x0000000794d80000)
  to   space 69120K, 0% used [0x00000007a1d00000,0x00000007a1d00000,0x00000007a6080000)
 ParOldGen       total 174080K, used 118693K [0x00000006c0a00000, 0x00000006cb400000, 0x000000076ae00000)
  object space 174080K, 68% used [0x00000006c0a00000,0x00000006c7de9620,0x00000006cb400000)
 Metaspace       used 23590K, capacity 24176K, committed 24240K, reserved 1071104K
  class space    used 2805K, capacity 2954K, committed 2992K, reserved 1048576K
}
Event: 17.421 GC heap before
{Heap before GC invocations=13 (full 2):
 PSYoungGen      total 687616K, used 37835K [0x000000076ae00000, 0x00000007a6080000, 0x00000007c0000000)
  eden space 616960K, 0% used [0x000000076ae00000,0x000000076ae00000,0x0000000790880000)
  from space 70656K, 53% used [0x0000000790880000,0x0000000792d72d00,0x0000000794d80000)
  to   space 69120K, 0% used [0x00000007a1d00000,0x00000007a1d00000,0x00000007a6080000)
 ParOldGen       total 174080K, used 118693K [0x00000006c0a00000, 0x00000006cb400000, 0x000000076ae00000)
  object space 174080K, 68% used [0x00000006c0a00000,0x00000006c7de9620,0x00000006cb400000)
 Metaspace       used 23590K, capacity 24176K, committed 24240K, reserved 1071104K
  class space    used 2805K, capacity 2954K, committed 2992K, reserved 1048576K
Event: 17.545 GC heap after
Heap after GC invocations=13 (full 2):
 PSYoungGen      total 687616K, used 0K [0x000000076ae00000, 0x00000007a6080000, 0x00000007c0000000)
  eden space 616960K, 0% used [0x000000076ae00000,0x000000076ae00000,0x0000000790880000)
  from space 70656K, 0% used [0x0000000790880000,0x0000000790880000,0x0000000794d80000)
  to   space 69120K, 0% used [0x00000007a1d00000,0x00000007a1d00000,0x00000007a6080000)
 ParOldGen       total 302592K, used 133360K [0x00000006c0a00000, 0x00000006d3180000, 0x000000076ae00000)
  object space 302592K, 44% used [0x00000006c0a00000,0x00000006c8c3c1d8,0x00000006d3180000)
 Metaspace       used 23590K, capacity 24176K, committed 24240K, reserved 1071104K
  class space    used 2805K, capacity 2954K, committed 2992K, reserved 1048576K
}
Event: 23.235 GC heap before
{Heap before GC invocations=14 (full 2):
 PSYoungGen      total 687616K, used 616686K [0x000000076ae00000, 0x00000007a6080000, 0x00000007c0000000)
  eden space 616960K, 99% used [0x000000076ae00000,0x000000079083b8d0,0x0000000790880000)
  from space 70656K, 0% used [0x0000000790880000,0x0000000790880000,0x0000000794d80000)
  to   space 69120K, 0% used [0x00000007a1d00000,0x00000007a1d00000,0x00000007a6080000)
 ParOldGen       total 302592K, used 133360K [0x00000006c0a00000, 0x00000006d3180000, 0x000000076ae00000)
  object space 302592K, 44% used [0x00000006c0a00000,0x00000006c8c3c1d8,0x00000006d3180000)
 Metaspace       used 23590K, capacity 24176K, committed 24240K, reserved 1071104K
  class space    used 2805K, capacity 2954K, committed 2992K, reserved 1048576K
Event: 23.252 GC heap after
Heap after GC invocations=14 (full 2):
 PSYoungGen      total 886784K, used 43506K [0x000000076ae00000, 0x00000007a5b00000, 0x00000007c0000000)
  eden space 823296K, 0% used [0x000000076ae00000,0x000000076ae00000,0x000000079d200000)
  from space 63488K, 68% used [0x00000007a1d00000,0x00000007a477c9f0,0x00000007a5b00000)
  to   space 70144K, 0% used [0x000000079d200000,0x000000079d200000,0x00000007a1680000)
 ParOldGen       total 302592K, used 133360K [0x00000006c0a00000, 0x00000006d3180000, 0x000000076ae00000)
  object space 302592K, 44% used [0x00000006c0a00000,0x00000006c8c3c1d8,0x00000006d3180000)
 Metaspace       used 23590K, capacity 24176K, committed 24240K, reserved 1071104K
  class space    used 2805K, capacity 2954K, committed 2992K, reserved 1048576K
}
Event: 31.226 GC heap before
{Heap before GC invocations=15 (full 2):
 PSYoungGen      total 886784K, used 866802K [0x000000076ae00000, 0x00000007a5b00000, 0x00000007c0000000)
  eden space 823296K, 100% used [0x000000076ae00000,0x000000079d200000,0x000000079d200000)
  from space 63488K, 68% used [0x00000007a1d00000,0x00000007a477c9f0,0x00000007a5b00000)
  to   space 70144K, 0% used [0x000000079d200000,0x000000079d200000,0x00000007a1680000)
 ParOldGen       total 302592K, used 133360K [0x00000006c0a00000, 0x00000006d3180000, 0x000000076ae00000)
  object space 302592K, 44% used [0x00000006c0a00000,0x00000006c8c3c1d8,0x00000006d3180000)
 Metaspace       used 23590K, capacity 24176K, committed 24240K, reserved 1071104K
  class space    used 2805K, capacity 2954K, committed 2992K, reserved 1048576K
Event: 31.267 GC heap after
Heap after GC invocations=15 (full 2):
 PSYoungGen      total 893440K, used 54370K [0x000000076ae00000, 0x00000007b5b00000, 0x00000007c0000000)
  eden space 823296K, 0% used [0x000000076ae00000,0x000000076ae00000,0x000000079d200000)
  from space 70144K, 77% used [0x000000079d200000,0x00000007a0718970,0x00000007a1680000)
  to   space 74240K, 0% used [0x00000007b1280000,0x00000007b1280000,0x00000007b5b00000)
 ParOldGen       total 302592K, used 176465K [0x00000006c0a00000, 0x00000006d3180000, 0x000000076ae00000)
  object space 302592K, 58% used [0x00000006c0a00000,0x00000006cb654628,0x00000006d3180000)
 Metaspace       used 23590K, capacity 24176K, committed 24240K, reserved 1071104K
  class space    used 2805K, capacity 2954K, committed 2992K, reserved 1048576K
}

